<?xml version="1.0" encoding="UTF-8"?>
<testsuite xmlns:xsi="http://www.w3.org/2001/XMLSchema-instance" xsi:noNamespaceSchemaLocation="https://maven.apache.org/surefire/maven-surefire-plugin/xsd/surefire-test-report-3.0.xsd" version="3.0" name="com.onlinesupermarket.OnlineSupermarketApplicationTests" time="2.193" tests="1" errors="0" skipped="0" failures="0">
  <properties>
[...]
</properties>
  <testcase name="contextLoads" classname="com.onlinesupermarket.OnlineSupermarketApplicationTests" time="0.624">
    <system-out><![CDATA[23:02:37.456 [main] INFO org.springframework.test.context.support.AnnotationConfigContextLoaderUtils -- Could not detect default configuration classes for test class [com.onlinesupermarket.OnlineSupermarketApplicationTests]: OnlineSupermarketApplicationTests does not declare any static, non-private, non-final, nested classes annotated with @Configuration.
23:02:37.522 [main] INFO org.springframework.boot.test.context.SpringBootTestContextBootstrapper -- Found @SpringBootConfiguration com.onlinesupermarket.OnlineSupermarketApplication for test class com.onlinesupermarket.OnlineSupermarketApplicationTests

  .   ____          _            __ _ _
 /\\ / ___'_ __ _ _(_)_ __  __ _ \ \ \ \
( ( )\___ | '_ | '_| | '_ \/ _` | \ \ \ \
 \\/  ___)| |_)| | | | | || (_| |  ) ) ) )
  '  |____| .__|_| |_|_| |_\__, | / / / /
 =========|_|==============|___/=/_/_/_/

 :: Spring Boot ::                (v3.3.4)

2024-12-04T23:02:37.766+08:00  INFO 42804 --- [OnlineSupermarket] [           main] c.o.OnlineSupermarketApplicationTests    : Starting OnlineSupermarketApplicationTests using Java 20.0.1 with PID 42804 (started by Admin in D:\Javaprojects\OnlineSupermarket)
2024-12-04T23:02:37.766+08:00  INFO 42804 --- [OnlineSupermarket] [           main] c.o.OnlineSupermarketApplicationTests    : No active profile set, falling back to 1 default profile: "default"
 _ _   |_  _ _|_. ___ _ |    _ 
| | |\/|_)(_| | |_\  |_)||_|_\ 
     /               |         
                        3.5.5 
2024-12-04T23:02:38.906+08:00  INFO 42804 --- [OnlineSupermarket] [           main] c.o.OnlineSupermarketApplicationTests    : Started OnlineSupermarketApplicationTests in 1.294 seconds (process running for 1.905)
]]></system-out>
  </testcase>
</testsuite>